\BOOKMARK [1][-]{section.1}{Motivation und Problembeschreibung}{}% 1
\BOOKMARK [1][-]{section.2}{Einleitung}{}% 2
\BOOKMARK [1][-]{section.3}{Hardware}{}% 3
\BOOKMARK [2][-]{subsection.3.1}{Zielsetzung des Hardwareaspekts}{section.3}% 4
\BOOKMARK [2][-]{subsection.3.2}{Vorbereitung und Hardwareauswahl}{section.3}% 5
\BOOKMARK [3][-]{subsubsection.3.2.1}{Planung der Stromversorgung}{subsection.3.2}% 6
\BOOKMARK [2][-]{subsection.3.3}{Umsetzung}{section.3}% 7
\BOOKMARK [2][-]{subsection.3.4}{\334bersichtsseite}{section.3}% 8
\BOOKMARK [3][-]{subsubsection.3.4.1}{Einrichtung Webserver}{subsection.3.4}% 9
\BOOKMARK [3][-]{subsubsection.3.4.2}{Sammeln der Messdaten}{subsection.3.4}% 10
\BOOKMARK [3][-]{subsubsection.3.4.3}{Weitere Funktionen des Dashboards}{subsection.3.4}% 11
\BOOKMARK [1][-]{section.4}{Software}{}% 12
\BOOKMARK [2][-]{subsection.4.1}{Problemstellung}{section.4}% 13
\BOOKMARK [3][-]{subsubsection.4.1.1}{Vereinfachende Annahmen}{subsection.4.1}% 14
\BOOKMARK [3][-]{subsubsection.4.1.2}{Herleitung der Poisson-Gleichung}{subsection.4.1}% 15
\BOOKMARK [3][-]{subsubsection.4.1.3}{Randbedingungen}{subsection.4.1}% 16
\BOOKMARK [2][-]{subsection.4.2}{Finite-Differenzen}{section.4}% 17
\BOOKMARK [3][-]{subsubsection.4.2.1}{Differenzenquotient f\374r Randpunkte}{subsection.4.2}% 18
\BOOKMARK [3][-]{subsubsection.4.2.2}{Neumann-Randbedingungen}{subsection.4.2}% 19
\BOOKMARK [3][-]{subsubsection.4.2.3}{Assemblierung}{subsection.4.2}% 20
\BOOKMARK [2][-]{subsection.4.3}{Finite-Elemente-Methode \(FEM\)}{section.4}% 21
\BOOKMARK [2][-]{subsection.4.4}{L\366ser}{section.4}% 22
\BOOKMARK [2][-]{subsection.4.5}{Matrixformat}{section.4}% 23
\BOOKMARK [1][-]{section.5}{Ergebnisse}{}% 24
\BOOKMARK [1][-]{section.6}{Anhang}{}% 25
\BOOKMARK [2][-]{subsection.6.1}{Dokumentation}{section.6}% 26
